Content-Type: text/plain; charset="utf-8"
MIME-Version: 1.0
Content-Transfer-Encoding: 8bit
Subject: 
 =?utf-8?b?0KHQsdGA0L7RgSDQv9Cw0YDQvtC70Y8g0L3QsCAxMjcuMC4wLjE6ODAwMA==?=
From: info@google.ru
To: ksercs0@gmail.com
Date: Fri, 08 Feb 2019 20:48:02 -0000
Message-ID: <154965888215.27441.18221944552597728127@ksercs>


Вы получили это письмо, потому что вы (или кто-то другой) запросили восстановление пароля от учётной записи на сайте 127.0.0.1:8000, которая связана с этим адресом электронной почты.

Пожалуйста, перейдите на эту страницу и введите новый пароль:

http://127.0.0.1:8000/reset/MQ/53o-aaee45cbc73817fe0557/

Ваше имя пользователя (на случай, если вы его забыли): admin

Спасибо, что используете наш сайт!

Команда сайта 127.0.0.1:8000



-------------------------------------------------------------------------------
Content-Type: text/plain; charset="utf-8"
MIME-Version: 1.0
Content-Transfer-Encoding: 8bit
Subject: 
 =?utf-8?b?0KHQsdGA0L7RgSDQv9Cw0YDQvtC70Y8g0L3QsCAxMjcuMC4wLjE6ODAwMA==?=
From: info@google.ru
To: ksercs0@gmail.com
Date: Fri, 08 Feb 2019 20:48:02 -0000
Message-ID: <154965888215.27441.5491695678116418868@ksercs>


Вы получили это письмо, потому что вы (или кто-то другой) запросили восстановление пароля от учётной записи на сайте 127.0.0.1:8000, которая связана с этим адресом электронной почты.

Пожалуйста, перейдите на эту страницу и введите новый пароль:

http://127.0.0.1:8000/reset/Mg/53o-c7990734cb181151c548/

Ваше имя пользователя (на случай, если вы его забыли): ksercs

Спасибо, что используете наш сайт!

Команда сайта 127.0.0.1:8000



-------------------------------------------------------------------------------
